#
# There is insufficient memory for the Java Runtime Environment to continue.
# Native memory allocation (malloc) failed to allocate 175136 bytes for Chunk::new
# Possible reasons:
#   The system is out of physical RAM or swap space
#   The process is running with CompressedOops enabled, and the Java Heap may be blocking the growth of the native heap
# Possible solutions:
#   Reduce memory load on the system
#   Increase physical memory or swap space
#   Check if swap backing store is full
#   Decrease Java heap size (-Xmx/-Xms)
#   Decrease number of Java threads
#   Decrease Java thread stack sizes (-Xss)
#   Set larger code cache with -XX:ReservedCodeCacheSize=
#   JVM is running with Unscaled Compressed Oops mode in which the Java heap is
#     placed in the first 4GB address space. The Java Heap base address is the
#     maximum limit for the native heap growth. Please use -XX:HeapBaseMinAddress
#     to set the Java Heap base and to place the Java Heap above 4GB virtual address.
# This output file may be truncated or incomplete.
#
#  Out of Memory Error (allocation.cpp:389), pid=8548, tid=0x000000000000269c
#
# JRE version: Java(TM) SE Runtime Environment (8.0_241-b07) (build 1.8.0_241-b07)
# Java VM: Java HotSpot(TM) 64-Bit Server VM (25.241-b07 mixed mode windows-amd64 compressed oops)
# Failed to write core dump. Minidumps are not enabled by default on client versions of Windows
#

---------------  T H R E A D  ---------------

Current thread (0x000000001952e000):  JavaThread "C2 CompilerThread1" daemon [_thread_in_native, id=9884, stack(0x0000000019e10000,0x0000000019f10000)]

Stack: [0x0000000019e10000,0x0000000019f10000]
[error occurred during error reporting (printing stack bounds), id 0xc0000005]

Native frames: (J=compiled Java code, j=interpreted, Vv=VM code, C=native code)


Current CompileTask:
C2:    886  831       4       jdk.internal.org.objectweb.asm.Item::set (143 bytes)


---------------  P R O C E S S  ---------------

Java Threads: ( => current thread )
  0x00000000195cb800 JavaThread "Service Thread" daemon [_thread_blocked, id=4796, stack(0x000000001a110000,0x000000001a210000)]
  0x0000000019541800 JavaThread "C1 CompilerThread3" daemon [_thread_blocked, id=1400, stack(0x000000001a010000,0x000000001a110000)]
  0x0000000019535800 JavaThread "C2 CompilerThread2" daemon [_thread_blocked, id=2332, stack(0x0000000019f10000,0x000000001a010000)]
=>0x000000001952e000 JavaThread "C2 CompilerThread1" daemon [_thread_in_native, id=9884, stack(0x0000000019e10000,0x0000000019f10000)]
  0x000000001952b800 JavaThread "C2 CompilerThread0" daemon [_thread_blocked, id=14880, stack(0x0000000019d10000,0x0000000019e10000)]
  0x0000000019529800 JavaThread "Attach Listener" daemon [_thread_blocked, id=12460, stack(0x0000000019c10000,0x0000000019d10000)]
  0x0000000019528800 JavaThread "Signal Dispatcher" daemon [_thread_blocked, id=2032, stack(0x0000000019b10000,0x0000000019c10000)]
  0x0000000019520800 JavaThread "Finalizer" daemon [_thread_blocked, id=12376, stack(0x0000000019900000,0x0000000019a00000)]
  0x000000001763d800 JavaThread "Reference Handler" daemon [_thread_blocked, id=13452, stack(0x0000000019400000,0x0000000019500000)]
  0x00000000027d2800 JavaThread "main" [_thread_blocked, id=12928, stack(0x00000000026d0000,0x00000000027d0000)]

Other Threads:
  0x0000000017639000 VMThread [stack: 0x0000000019300000,0x0000000019400000] [id=2124]
  0x00000000195d5800 WatcherThread [stack: 0x000000001a210000,0x000000001a310000] [id=1656]

VM state:at safepoint (normal execution)

VM Mutex/Monitor currently owned by a thread:  ([mutex/lock_event])
[0x0000000000e8cc90] Threads_lock - owner thread: 0x0000000017639000
[0x0000000000e8d310] Heap_lock - owner thread: 0x00000000027d2800

heap address: 0x0000000085800000, size: 1960 MB, Compressed Oops mode: 32-bit
Narrow klass base: 0x0000000000000000, Narrow klass shift: 3
Compressed class space size: 1073741824 Address: 0x0000000100000000

Heap:
 PSYoungGen      total 36864K, used 30124K [0x00000000d7300000, 0x00000000d9c00000, 0x0000000100000000)
  eden space 31744K, 94% used [0x00000000d7300000,0x00000000d906b0c8,0x00000000d9200000)
  from space 5120K, 0% used [0x00000000d9700000,0x00000000d9700000,0x00000000d9c00000)
  to   space 5120K, 85% used [0x00000000d9200000,0x00000000d964a260,0x00000000d9700000)
 ParOldGen       total 84992K, used 16K [0x0000000085800000, 0x000000008ab00000, 0x00000000d7300000)
  object space 84992K, 0% used [0x0000000085800000,0x0000000085804000,0x000000008ab00000)
 Metaspace       used 13466K, capacity 13758K, committed 13824K, reserved 1064960K
  class space    used 1409K, capacity 1521K, committed 1536K, reserved 1048576K

Card table byte_map: [0x0000000011c90000,0x0000000012070000] byte_map_base: 0x0000000011864000

Marking Bits: (ParMarkBitMap*) 0x000000005774be30
 Begin Bits: [0x0000000012b00000, 0x00000000149a0000)
 End Bits:   [0x00000000149a0000, 0x0000000016840000)

Polling page: 0x0000000000e60000

CodeCache: size=245760Kb used=3075Kb max_used=3075Kb free=242684Kb
 bounds [0x00000000028d0000, 0x0000000002be0000, 0x00000000118d0000]
 total_blobs=1232 nmethods=836 adapters=309
 compilation: enabled

Compilation events (10 events):
Event: 0.882 Thread 0x0000000019541800  834       3       java.lang.invoke.LambdaForm::parameter (52 bytes)
Event: 0.882 Thread 0x0000000019541800 nmethod 834 0x0000000002bd0e10 code [0x0000000002bd0f60, 0x0000000002bd10f0]
Event: 0.882 Thread 0x0000000019541800  835       3       jdk.internal.org.objectweb.asm.Frame::pop (45 bytes)
Event: 0.882 Thread 0x0000000019541800 nmethod 835 0x0000000002bd11d0 code [0x0000000002bd1320, 0x0000000002bd14f0]
Event: 0.882 Thread 0x0000000019541800  825       1       java.lang.invoke.MethodHandles$Lookup::lookupClass (5 bytes)
Event: 0.882 Thread 0x0000000019541800 nmethod 825 0x0000000002bc73d0 code [0x0000000002bc7520, 0x0000000002bc7630]
Event: 0.883 Thread 0x0000000019535800  836       4       jdk.internal.org.objectweb.asm.ClassWriter::get (49 bytes)
Event: 0.883 Thread 0x0000000019541800  837       3       jdk.internal.org.objectweb.asm.MethodVisitor::<init> (35 bytes)
Event: 0.883 Thread 0x0000000019541800 nmethod 837 0x0000000002bd1590 code [0x0000000002bd1700, 0x0000000002bd1a08]
Event: 0.883 Thread 0x0000000019541800  838       3       java.lang.invoke.LambdaForm::uncustomize (58 bytes)

GC Heap History (1 events):
Event: 0.883 GC heap before
{Heap before GC invocations=1 (full 0):
 PSYoungGen      total 36864K, used 30124K [0x00000000d7300000, 0x00000000d9c00000, 0x0000000100000000)
  eden space 31744K, 94% used [0x00000000d7300000,0x00000000d906b0c8,0x00000000d9200000)
  from space 5120K, 0% used [0x00000000d9700000,0x00000000d9700000,0x00000000d9c00000)
  to   space 5120K, 0% used [0x00000000d9200000,0x00000000d9200000,0x00000000d9700000)
 ParOldGen       total 84992K, used 0K [0x0000000085800000, 0x000000008ab00000, 0x00000000d7300000)
  object space 84992K, 0% used [0x0000000085800000,0x0000000085800000,0x000000008ab00000)
 Metaspace       used 13466K, capacity 13758K, committed 13824K, reserved 1064960K
  class space    used 1409K, capacity 1521K, committed 1536K, reserved 1048576K

Deoptimization events (1 events):
Event: 0.356 Thread 0x00000000027d2800 Uncommon trap: reason=unstable_if action=reinterpret pc=0x0000000002a82554 method=java.lang.String.indexOf([CII[CIII)I @ 134

Classes redefined (0 events):
No events

Internal exceptions (10 events):
Event: 0.356 Thread 0x00000000027d2800 Exception <a 'java/security/PrivilegedActionException'> (0x00000000d7832628) thrown at [C:\ade\jenkins\workspace\8-2-build-windows-amd64-cygwin\jdk8u241\331\hotspot\src\share\vm\prims\jvm.cpp, line 1502]
Event: 0.439 Thread 0x00000000027d2800 Exception <a 'java/lang/ArrayIndexOutOfBoundsException'> (0x00000000d7a235e8) thrown at [C:\ade\jenkins\workspace\8-2-build-windows-amd64-cygwin\jdk8u241\331\hotspot\src\share\vm\runtime\sharedRuntime.cpp, line 605]
Event: 0.440 Thread 0x00000000027d2800 Exception <a 'java/lang/ArrayIndexOutOfBoundsException'> (0x00000000d7a24360) thrown at [C:\ade\jenkins\workspace\8-2-build-windows-amd64-cygwin\jdk8u241\331\hotspot\src\share\vm\runtime\sharedRuntime.cpp, line 605]
Event: 0.440 Thread 0x00000000027d2800 Exception <a 'java/lang/ArrayIndexOutOfBoundsException'> (0x00000000d7a25318) thrown at [C:\ade\jenkins\workspace\8-2-build-windows-amd64-cygwin\jdk8u241\331\hotspot\src\share\vm\runtime\sharedRuntime.cpp, line 605]
Event: 0.440 Thread 0x00000000027d2800 Exception <a 'java/lang/ArrayIndexOutOfBoundsException'> (0x00000000d7a26b78) thrown at [C:\ade\jenkins\workspace\8-2-build-windows-amd64-cygwin\jdk8u241\331\hotspot\src\share\vm\runtime\sharedRuntime.cpp, line 605]
Event: 0.445 Thread 0x00000000027d2800 Exception <a 'java/lang/ArrayIndexOutOfBoundsException'> (0x00000000d7a4d3c8) thrown at [C:\ade\jenkins\workspace\8-2-build-windows-amd64-cygwin\jdk8u241\331\hotspot\src\share\vm\runtime\sharedRuntime.cpp, line 605]
Event: 0.445 Thread 0x00000000027d2800 Exception <a 'java/lang/ArrayIndexOutOfBoundsException'> (0x00000000d7a4e630) thrown at [C:\ade\jenkins\workspace\8-2-build-windows-amd64-cygwin\jdk8u241\331\hotspot\src\share\vm\runtime\sharedRuntime.cpp, line 605]
Event: 0.445 Thread 0x00000000027d2800 Exception <a 'java/lang/ArrayIndexOutOfBoundsException'> (0x00000000d7a4ffa8) thrown at [C:\ade\jenkins\workspace\8-2-build-windows-amd64-cygwin\jdk8u241\331\hotspot\src\share\vm\runtime\sharedRuntime.cpp, line 605]
Event: 0.450 Thread 0x00000000027d2800 Exception <a 'java/lang/ArrayIndexOutOfBoundsException'> (0x00000000d7a75f08) thrown at [C:\ade\jenkins\workspace\8-2-build-windows-amd64-cygwin\jdk8u241\331\hotspot\src\share\vm\runtime\sharedRuntime.cpp, line 605]
Event: 0.454 Thread 0x00000000027d2800 Exception <a 'java/lang/ArrayIndexOutOfBoundsException'> (0x00000000d7a848a0) thrown at [C:\ade\jenkins\workspace\8-2-build-windows-amd64-cygwin\jdk8u241\331\hotspot\src\share\vm\runtime\sharedRuntime.cpp, line 605]

Events (10 events):
Event: 0.881 loading class org/apache/kafka/clients/consumer/internals/Fetcher$CompletedFetch
Event: 0.881 loading class org/apache/kafka/clients/consumer/internals/Fetcher$CompletedFetch done
Event: 0.881 loading class org/apache/kafka/clients/consumer/internals/Fetcher$CompletedFetch
Event: 0.881 loading class org/apache/kafka/clients/consumer/internals/Fetcher$CompletedFetch done
Event: 0.882 loading class org/apache/kafka/clients/consumer/internals/Fetcher$CompletedFetch
Event: 0.882 loading class org/apache/kafka/clients/consumer/internals/Fetcher$CompletedFetch done
Event: 0.882 loading class org/apache/kafka/clients/consumer/internals/Fetcher
Event: 0.882 loading class org/apache/kafka/clients/consumer/internals/Fetcher done
Event: 0.883 loading class java/util/stream/MatchOps$MatchKind
Event: 0.883 Executing VM operation: CollectForMetadataAllocation


Dynamic libraries:
0x00007ff712c50000 - 0x00007ff712c87000 	C:\Program Files\Java\jre1.8.0_241\bin\javaw.exe
0x00007ff8e6830000 - 0x00007ff8e6a26000 	C:\WINDOWS\SYSTEM32\ntdll.dll
0x00007ff8e6530000 - 0x00007ff8e65ed000 	C:\WINDOWS\System32\KERNEL32.DLL
0x00007ff8e4220000 - 0x00007ff8e44e8000 	C:\WINDOWS\System32\KERNELBASE.dll
0x00007ff8e4df0000 - 0x00007ff8e4e9c000 	C:\WINDOWS\System32\ADVAPI32.dll
0x00007ff8e5c60000 - 0x00007ff8e5cfe000 	C:\WINDOWS\System32\msvcrt.dll
0x00007ff8e4d10000 - 0x00007ff8e4dab000 	C:\WINDOWS\System32\sechost.dll
0x00007ff8e5a60000 - 0x00007ff8e5b84000 	C:\WINDOWS\System32\RPCRT4.dll
0x00007ff8e6650000 - 0x00007ff8e67f0000 	C:\WINDOWS\System32\USER32.dll
0x00007ff8e4750000 - 0x00007ff8e4772000 	C:\WINDOWS\System32\win32u.dll
0x00007ff8e4dc0000 - 0x00007ff8e4dea000 	C:\WINDOWS\System32\GDI32.dll
0x00007ff8e4780000 - 0x00007ff8e4889000 	C:\WINDOWS\System32\gdi32full.dll
0x00007ff8e4020000 - 0x00007ff8e40bd000 	C:\WINDOWS\System32\msvcp_win.dll
0x00007ff8e4650000 - 0x00007ff8e4750000 	C:\WINDOWS\System32\ucrtbase.dll
0x00007ff8be5e0000 - 0x00007ff8be87b000 	C:\WINDOWS\WinSxS\amd64_microsoft.windows.common-controls_6595b64144ccf1df_6.0.19041.488_none_ca04af081b815d21\COMCTL32.dll
0x00007ff8e4b30000 - 0x00007ff8e4b60000 	C:\WINDOWS\System32\IMM32.DLL
0x00000000577d0000 - 0x00000000578a2000 	C:\Program Files\Java\jre1.8.0_241\bin\msvcr100.dll
0x0000000056f20000 - 0x00000000577cc000 	C:\Program Files\Java\jre1.8.0_241\bin\server\jvm.dll
0x00007ff8e5b90000 - 0x00007ff8e5b98000 	C:\WINDOWS\System32\PSAPI.DLL
0x00007ff8dcaf0000 - 0x00007ff8dcaf9000 	C:\WINDOWS\SYSTEM32\WSOCK32.dll
0x00007ff8d3fb0000 - 0x00007ff8d3fd7000 	C:\WINDOWS\SYSTEM32\WINMM.dll
0x00007ff8da010000 - 0x00007ff8da01a000 	C:\WINDOWS\SYSTEM32\VERSION.dll
0x00007ff8e5850000 - 0x00007ff8e58bb000 	C:\WINDOWS\System32\WS2_32.dll
0x00007ff8de550000 - 0x00007ff8de55f000 	C:\Program Files\Java\jre1.8.0_241\bin\verify.dll
0x00007ff8de520000 - 0x00007ff8de549000 	C:\Program Files\Java\jre1.8.0_241\bin\java.dll
0x00007ff8de500000 - 0x00007ff8de516000 	C:\Program Files\Java\jre1.8.0_241\bin\zip.dll
0x00007ff8e4f00000 - 0x00007ff8e5641000 	C:\WINDOWS\System32\SHELL32.dll
0x00007ff8e1cd0000 - 0x00007ff8e2465000 	C:\WINDOWS\SYSTEM32\windows.storage.dll
0x00007ff8e5d60000 - 0x00007ff8e60b5000 	C:\WINDOWS\System32\combase.dll
0x00007ff8e3910000 - 0x00007ff8e393c000 	C:\WINDOWS\SYSTEM32\Wldp.dll
0x00007ff8e57a0000 - 0x00007ff8e584e000 	C:\WINDOWS\System32\SHCORE.dll
0x00007ff8e5d00000 - 0x00007ff8e5d55000 	C:\WINDOWS\System32\shlwapi.dll
0x00007ff8e3ea0000 - 0x00007ff8e3ec6000 	C:\WINDOWS\SYSTEM32\profapi.dll
0x00007ff8e3c40000 - 0x00007ff8e3c58000 	C:\WINDOWS\SYSTEM32\CRYPTSP.dll
0x00007ff8e3040000 - 0x00007ff8e3074000 	C:\WINDOWS\system32\rsaenh.dll
0x00007ff8e40c0000 - 0x00007ff8e40e7000 	C:\WINDOWS\System32\bcrypt.dll
0x00007ff8e3e60000 - 0x00007ff8e3e8e000 	C:\WINDOWS\SYSTEM32\USERENV.dll
0x00007ff8e41a0000 - 0x00007ff8e421f000 	C:\WINDOWS\System32\bcryptprimitives.dll
0x00007ff8e3880000 - 0x00007ff8e388c000 	C:\WINDOWS\SYSTEM32\CRYPTBASE.dll
0x00007ff8de4e0000 - 0x00007ff8de4fa000 	C:\Program Files\Java\jre1.8.0_241\bin\net.dll
0x00007ff8e3700000 - 0x00007ff8e376a000 	C:\WINDOWS\system32\mswsock.dll
0x00007ff8e33c0000 - 0x00007ff8e33fb000 	C:\WINDOWS\SYSTEM32\IPHLPAPI.DLL
0x00007ff8e5ba0000 - 0x00007ff8e5ba8000 	C:\WINDOWS\System32\NSI.dll
0x00007ff8dc0b0000 - 0x00007ff8dc0c7000 	C:\WINDOWS\SYSTEM32\dhcpcsvc6.DLL
0x00007ff8dcd40000 - 0x00007ff8dcd5d000 	C:\WINDOWS\SYSTEM32\dhcpcsvc.DLL
0x00007ff8e3400000 - 0x00007ff8e34cb000 	C:\WINDOWS\SYSTEM32\DNSAPI.dll
0x00007ff8dcad0000 - 0x00007ff8dcae2000 	C:\Program Files\Java\jre1.8.0_241\bin\nio.dll
0x00007ff8ddf30000 - 0x00007ff8ddf3d000 	C:\Program Files\Java\jre1.8.0_241\bin\management.dll

VM Arguments:
jvm_args: -Dfile.encoding=Cp1252 
java_command: br.com.alura.ecommerce.LogService
java_class_path (initial): C:\Users\Cintia Neves\Documents\Spring\ecommerce\target\classes;C:\Users\Cintia Neves\.m2\repository\org\apache\kafka\kafka-clients\2.6.0\kafka-clients-2.6.0.jar;C:\Users\Cintia Neves\.m2\repository\com\github\luben\zstd-jni\1.4.4-7\zstd-jni-1.4.4-7.jar;C:\Users\Cintia Neves\.m2\repository\org\lz4\lz4-java\1.7.1\lz4-java-1.7.1.jar;C:\Users\Cintia Neves\.m2\repository\org\xerial\snappy\snappy-java\1.1.7.3\snappy-java-1.1.7.3.jar;C:\Users\Cintia Neves\.m2\repository\org\slf4j\slf4j-api\1.7.30\slf4j-api-1.7.30.jar;C:\Users\Cintia Neves\.m2\repository\org\slf4j\slf4j-simple\1.7.30\slf4j-simple-1.7.30.jar;C:\Users\Cintia Neves\.m2\repository\com\fasterxml\jackson\core\jackson-annotations\2.4.0\jackson-annotations-2.4.0.jar;C:\Users\Cintia Neves\.m2\repository\com\fasterxml\jackson\core\jackson-databind\2.4.0\jackson-databind-2.4.0.jar;C:\Users\Cintia Neves\.m2\repository\com\fasterxml\jackson\core\jackson-core\2.4.0\jackson-core-2.4.0.jar;C:\Users\Cintia Neves\.m2\repository\com\google\code\gson\gson\2.8.6\gson-2.8.6.jar
Launcher Type: SUN_STANDARD

Environment Variables:
JAVA_HOME=C:\Program Files\Java\jre1.8.0_241
PATH=C:/Program Files/Java/jdk1.8.0_241/bin/../jre/bin/server;C:/Program Files/Java/jdk1.8.0_241/bin/../jre/bin;C:/Program Files/Java/jdk1.8.0_241/bin/../jre/lib/amd64;C:\Program Files (x86)\Common Files\Oracle\Java\javapath;C:\Program Files\Java\jre1.8.0_241\bin;C:\WINDOWS\system32;C:\WINDOWS;C:\WINDOWS\System32\Wbem;C:\WINDOWS\System32\WindowsPowerShell\v1.0\;C:\WINDOWS\System32\OpenSSH\;C:\Program Files (x86)\Microsoft SQL Server\150\DTS\Binn\;C:\Program Files\Intel\WiFi\bin\;C:\Program Files\Common Files\Intel\WirelessCommon\;C:\Program Files\dotnet\;C:\Program Files\Microsoft SQL Server\130\Tools\Binn\;C:\Program Files\Microsoft SQL Server\Client SDK\ODBC\170\Tools\Binn\;C:\ProgramData\chocolatey\bin;C:\Program Files\nodejs\;C:\Program Files (x86)\Microsoft SQL Server\150\Tools\Binn\;C:\Program Files\Microsoft SQL Server\150\Tools\Binn\;C:\Program Files\Microsoft SQL Server\150\DTS\Binn\;C:\Program Files\Git\cmd;C:\Program Files (x86)\Calibre2\;C:\Program Files\Docker\Docker\resources\bin;C:\ProgramData\DockerDesktop\version-bin;C:\gradle\bin;C:\Users\Cintia Neves\AppData\Local\Microsoft\WindowsApps;C:\Users\Cintia Neves\AppData\Local\Programs\Microsoft VS Code\bin;C:\Users\Cintia Neves\AppData\Roaming\npm;C:\Program Files\Java\jdk1.8.0_241\bin;C:\Program Files\heroku\bin;C:\gradle\bin;;C:\Users\Cintia Neves\eclipse\jee-2019-12\eclipse;
USERNAME=Cintia Neves
OS=Windows_NT
PROCESSOR_IDENTIFIER=Intel64 Family 6 Model 142 Stepping 10, GenuineIntel



---------------  S Y S T E M  ---------------

OS: Windows 10.0 , 64 bit Build 19041 (10.0.19041.546)

CPU:total 8 (initial active 8) (4 cores per cpu, 2 threads per core) family 6 model 142 stepping 10, cmov, cx8, fxsr, mmx, sse, sse2, sse3, ssse3, sse4.1, sse4.2, popcnt, avx, avx2, aes, clmul, erms, rtm, 3dnowpref, lzcnt, ht, tsc, tscinvbit, bmi1, bmi2, adx

Memory: 4k page, physical 8022412k(2166460k free), swap 9942412k(4092k free)

vm_info: Java HotSpot(TM) 64-Bit Server VM (25.241-b07) for windows-amd64 JRE (1.8.0_241-b07), built on Dec 11 2019 10:21:40 by "rejava" with MS VC++ 10.0 (VS2010)

time: Sun Nov 15 16:35:00 2020
timezone: Hora oficial do Brasil
elapsed time: 0 seconds (0d 0h 0m 0s)

