#
# There is insufficient memory for the Java Runtime Environment to continue.
# Native memory allocation (malloc) failed to allocate 1048576 bytes for AllocateHeap
# Possible reasons:
#   The system is out of physical RAM or swap space
#   The process is running with CompressedOops enabled, and the Java Heap may be blocking the growth of the native heap
# Possible solutions:
#   Reduce memory load on the system
#   Increase physical memory or swap space
#   Check if swap backing store is full
#   Decrease Java heap size (-Xmx/-Xms)
#   Decrease number of Java threads
#   Decrease Java thread stack sizes (-Xss)
#   Set larger code cache with -XX:ReservedCodeCacheSize=
#   JVM is running with Unscaled Compressed Oops mode in which the Java heap is
#     placed in the first 4GB address space. The Java Heap base address is the
#     maximum limit for the native heap growth. Please use -XX:HeapBaseMinAddress
#     to set the Java Heap base and to place the Java Heap above 4GB virtual address.
# This output file may be truncated or incomplete.
#
#  Out of Memory Error (memory/allocation.inline.hpp:61), pid=8864, tid=0x0000000000003a7c
#
# JRE version:  (8.0_241-b07) (build )
# Java VM: Java HotSpot(TM) 64-Bit Server VM (25.241-b07 mixed mode windows-amd64 compressed oops)
# Failed to write core dump. Minidumps are not enabled by default on client versions of Windows
#

---------------  T H R E A D  ---------------

Current thread (0x00000000029f2800):  JavaThread "Unknown thread" [_thread_in_vm, id=14972, stack(0x00000000028d0000,0x00000000029d0000)]

Stack: [0x00000000028d0000,0x00000000029d0000]
[error occurred during error reporting (printing stack bounds), id 0xc0000005]

Native frames: (J=compiled Java code, j=interpreted, Vv=VM code, C=native code)


---------------  P R O C E S S  ---------------

Java Threads: ( => current thread )

Other Threads:

=>0x00000000029f2800 (exited) JavaThread "Unknown thread" [_thread_in_vm, id=14972, stack(0x00000000028d0000,0x00000000029d0000)]

VM state:not at safepoint (normal execution)

VM Mutex/Monitor currently owned by a thread: None

heap address: 0x0000000085800000, size: 1960 MB, Compressed Oops mode: 32-bit
Narrow klass base: 0x0000000000000000, Narrow klass shift: 3
Compressed class space size: 1073741824 Address: 0x0000000100000000

Heap:
 PSYoungGen      total 36864K, used 634K [0x00000000d7300000, 0x00000000d9c00000, 0x0000000100000000)
  eden space 31744K, 2% used [0x00000000d7300000,0x00000000d739eb90,0x00000000d9200000)
  from space 5120K, 0% used [0x00000000d9700000,0x00000000d9700000,0x00000000d9c00000)
  to   space 5120K, 0% used [0x00000000d9200000,0x00000000d9200000,0x00000000d9700000)
 ParOldGen       total 84992K, used 0K [0x0000000085800000, 0x000000008ab00000, 0x00000000d7300000)
  object space 84992K, 0% used [0x0000000085800000,0x0000000085800000,0x000000008ab00000)
 Metaspace       used 752K, capacity 4480K, committed 4480K, reserved 1056768K
  class space    used 76K, capacity 384K, committed 384K, reserved 1048576K

Card table byte_map: [0x0000000011f70000,0x0000000012350000] byte_map_base: 0x0000000011b44000

Marking Bits: (ParMarkBitMap*) 0x00000000746bbe30
 Begin Bits: [0x0000000012de0000, 0x0000000014c80000)
 End Bits:   [0x0000000014c80000, 0x0000000016b20000)

Polling page: 0x0000000000ce0000

CodeCache: size=245760Kb used=328Kb max_used=328Kb free=245431Kb
 bounds [0x0000000002bb0000, 0x0000000002e20000, 0x0000000011bb0000]
 total_blobs=58 nmethods=0 adapters=38
 compilation: enabled

Compilation events (0 events):
No events

GC Heap History (0 events):
No events

Deoptimization events (0 events):
No events

Classes redefined (0 events):
No events

Internal exceptions (0 events):
No events

Events (10 events):
Event: 0.020 loading class java/lang/Short
Event: 0.020 loading class java/lang/Short done
Event: 0.020 loading class java/lang/Integer
Event: 0.021 loading class java/lang/Integer done
Event: 0.021 loading class java/lang/Long
Event: 0.021 loading class java/lang/Long done
Event: 0.021 loading class java/lang/NullPointerException
Event: 0.021 loading class java/lang/NullPointerException done
Event: 0.021 loading class java/lang/ArithmeticException
Event: 0.021 loading class java/lang/ArithmeticException done


Dynamic libraries:
0x00007ff650b00000 - 0x00007ff650b37000 	C:\Program Files\Java\jre1.8.0_241\bin\javaw.exe
0x00007ff9ec170000 - 0x00007ff9ec366000 	C:\WINDOWS\SYSTEM32\ntdll.dll
0x00007ff9ea470000 - 0x00007ff9ea52d000 	C:\WINDOWS\System32\KERNEL32.DLL
0x00007ff9e9d00000 - 0x00007ff9e9fc8000 	C:\WINDOWS\System32\KERNELBASE.dll
0x00007ff9ea5e0000 - 0x00007ff9ea68c000 	C:\WINDOWS\System32\ADVAPI32.dll
0x00007ff9ea3d0000 - 0x00007ff9ea46e000 	C:\WINDOWS\System32\msvcrt.dll
0x00007ff9ebec0000 - 0x00007ff9ebf5b000 	C:\WINDOWS\System32\sechost.dll
0x00007ff9ea7e0000 - 0x00007ff9ea904000 	C:\WINDOWS\System32\RPCRT4.dll
0x00007ff9ea230000 - 0x00007ff9ea3d0000 	C:\WINDOWS\System32\USER32.dll
0x00007ff9e98b0000 - 0x00007ff9e98d2000 	C:\WINDOWS\System32\win32u.dll
0x00007ff9eb0d0000 - 0x00007ff9eb0fa000 	C:\WINDOWS\System32\GDI32.dll
0x00007ff9e9bf0000 - 0x00007ff9e9cf9000 	C:\WINDOWS\System32\gdi32full.dll
0x00007ff9e9b50000 - 0x00007ff9e9bed000 	C:\WINDOWS\System32\msvcp_win.dll
0x00007ff9ea0d0000 - 0x00007ff9ea1d0000 	C:\WINDOWS\System32\ucrtbase.dll
0x00007ff9c8b20000 - 0x00007ff9c8dbb000 	C:\WINDOWS\WinSxS\amd64_microsoft.windows.common-controls_6595b64144ccf1df_6.0.19041.488_none_ca04af081b815d21\COMCTL32.dll
0x00007ff9eb100000 - 0x00007ff9eb130000 	C:\WINDOWS\System32\IMM32.DLL
0x0000000074740000 - 0x0000000074812000 	C:\Program Files\Java\jre1.8.0_241\bin\msvcr100.dll
0x0000000073e90000 - 0x000000007473c000 	C:\Program Files\Java\jre1.8.0_241\bin\server\jvm.dll
0x00007ff9ea770000 - 0x00007ff9ea778000 	C:\WINDOWS\System32\PSAPI.DLL
0x00007ff9e3900000 - 0x00007ff9e3909000 	C:\WINDOWS\SYSTEM32\WSOCK32.dll
0x00007ff9de980000 - 0x00007ff9de9a7000 	C:\WINDOWS\SYSTEM32\WINMM.dll
0x00007ff9e2700000 - 0x00007ff9e270a000 	C:\WINDOWS\SYSTEM32\VERSION.dll
0x00007ff9eaa30000 - 0x00007ff9eaa9b000 	C:\WINDOWS\System32\WS2_32.dll
0x00007ff9e37e0000 - 0x00007ff9e37ef000 	C:\Program Files\Java\jre1.8.0_241\bin\verify.dll
0x00007ff9e3660000 - 0x00007ff9e3689000 	C:\Program Files\Java\jre1.8.0_241\bin\java.dll
0x00007ff9e3750000 - 0x00007ff9e3766000 	C:\Program Files\Java\jre1.8.0_241\bin\zip.dll

VM Arguments:
jvm_args: -Dfile.encoding=Cp1252 
java_command: br.com.alura.ecommerce.FraudeDetectorService
java_class_path (initial): C:\Users\Cintia Neves\Documents\Spring\ecommerce\target\classes;C:\Users\Cintia Neves\.m2\repository\org\apache\kafka\kafka-clients\2.6.0\kafka-clients-2.6.0.jar;C:\Users\Cintia Neves\.m2\repository\com\github\luben\zstd-jni\1.4.4-7\zstd-jni-1.4.4-7.jar;C:\Users\Cintia Neves\.m2\repository\org\lz4\lz4-java\1.7.1\lz4-java-1.7.1.jar;C:\Users\Cintia Neves\.m2\repository\org\xerial\snappy\snappy-java\1.1.7.3\snappy-java-1.1.7.3.jar;C:\Users\Cintia Neves\.m2\repository\org\slf4j\slf4j-api\1.7.30\slf4j-api-1.7.30.jar;C:\Users\Cintia Neves\.m2\repository\org\slf4j\slf4j-simple\1.7.30\slf4j-simple-1.7.30.jar;C:\Users\Cintia Neves\.m2\repository\com\fasterxml\jackson\core\jackson-annotations\2.4.0\jackson-annotations-2.4.0.jar;C:\Users\Cintia Neves\.m2\repository\com\fasterxml\jackson\core\jackson-databind\2.4.0\jackson-databind-2.4.0.jar;C:\Users\Cintia Neves\.m2\repository\com\fasterxml\jackson\core\jackson-core\2.4.0\jackson-core-2.4.0.jar
Launcher Type: SUN_STANDARD

Environment Variables:
JAVA_HOME=C:\Program Files\Java\jre1.8.0_241
PATH=C:/Program Files/Java/jdk1.8.0_241/bin/../jre/bin/server;C:/Program Files/Java/jdk1.8.0_241/bin/../jre/bin;C:/Program Files/Java/jdk1.8.0_241/bin/../jre/lib/amd64;C:\Program Files (x86)\Common Files\Oracle\Java\javapath;C:\Program Files\Java\jre1.8.0_241\bin;C:\WINDOWS\system32;C:\WINDOWS;C:\WINDOWS\System32\Wbem;C:\WINDOWS\System32\WindowsPowerShell\v1.0\;C:\WINDOWS\System32\OpenSSH\;C:\Program Files (x86)\Microsoft SQL Server\150\DTS\Binn\;C:\Program Files\Intel\WiFi\bin\;C:\Program Files\Common Files\Intel\WirelessCommon\;C:\Program Files\dotnet\;C:\Program Files\Microsoft SQL Server\130\Tools\Binn\;C:\Program Files\Microsoft SQL Server\Client SDK\ODBC\170\Tools\Binn\;C:\ProgramData\chocolatey\bin;C:\Program Files\nodejs\;C:\Program Files (x86)\Microsoft SQL Server\150\Tools\Binn\;C:\Program Files\Microsoft SQL Server\150\Tools\Binn\;C:\Program Files\Microsoft SQL Server\150\DTS\Binn\;C:\Program Files\Git\cmd;C:\Program Files (x86)\Calibre2\;C:\Program Files\Docker\Docker\resources\bin;C:\ProgramData\DockerDesktop\version-bin;C:\gradle\bin;C:\Users\Cintia Neves\AppData\Local\Microsoft\WindowsApps;C:\Users\Cintia Neves\AppData\Local\Programs\Microsoft VS Code\bin;C:\Users\Cintia Neves\AppData\Roaming\npm;C:\Program Files\Java\jdk1.8.0_241\bin;C:\Program Files\heroku\bin;C:\gradle\bin;;C:\Users\Cintia Neves\eclipse\jee-2019-12\eclipse;
USERNAME=Cintia Neves
OS=Windows_NT
PROCESSOR_IDENTIFIER=Intel64 Family 6 Model 142 Stepping 10, GenuineIntel



---------------  S Y S T E M  ---------------

OS: Windows 10.0 , 64 bit Build 19041 (10.0.19041.546)

CPU:total 8 (initial active 8) (4 cores per cpu, 2 threads per core) family 6 model 142 stepping 10, cmov, cx8, fxsr, mmx, sse, sse2, sse3, ssse3, sse4.1, sse4.2, popcnt, avx, avx2, aes, clmul, erms, rtm, 3dnowpref, lzcnt, ht, tsc, tscinvbit, bmi1, bmi2, adx

Memory: 4k page, physical 8022412k(2623148k free), swap 9942412k(5536k free)

vm_info: Java HotSpot(TM) 64-Bit Server VM (25.241-b07) for windows-amd64 JRE (1.8.0_241-b07), built on Dec 11 2019 10:21:40 by "rejava" with MS VC++ 10.0 (VS2010)

time: Sat Nov 14 14:44:04 2020
timezone: Hora oficial do Brasil
elapsed time: 0 seconds (0d 0h 0m 0s)

